Arguments: 
  C:\Program Files\nodejs\node.exe C:\Program Files (x86)\Yarn\bin\yarn.js add mongdb

PATH: 
  C:\WINDOWS\system32;C:\WINDOWS;C:\WINDOWS\System32\Wbem;C:\WINDOWS\System32\WindowsPowerShell\v1.0\;C:\Program Files\Microsoft SQL Server\130\Tools\Binn\;C:\Program Files\Microsoft SQL Server\120\Tools\Binn\;C:\WINDOWS\System32\OpenSSH\;C:\Program Files\dotnet\;C:\Program Files\Java\jdk-10.0.2\bin;C:\Program Files\Java\jre-10.0.2\bin;C:\Program Files\opencv\opencv\build\x64\vc14\bin;C:\Program Files\opencv\opencv\build\x64\vc14\lib\opencv_world400d.lib;C:\Program Files\Git\cmd;C:\Program Files\nodejs\;C:\Program Files\nodejs\node_modules\npm;C:\ProgramData\chocolatey\bin;C:\Program Files (x86)\Yarn\bin\;C:\win_flex_bison;E:\qt2\Tools\mingw492_32\bin;C:\Program Files (x86)\Microchip\xc8\v1.37\bin;C:\Program Files (x86)\Microchip\xc8\v2.10\bin;E:\Flutter\flutter\bin;E:\Matlab\bin;E:\Program files\Desktop\Foothill Solutions\ruby-2.7.1;C:\Ruby27-x64\bin;E:\jdk8\bin;C:\Users\HP\AppData\Local\Yarn\bin;C:\Program Files\Git\bin\git.exe;C:\Program Files\Git\cmd;C:\Users\HP\AppData\Local\Programs\Microsoft VS Code\bin;C:\win_flex_bison;E:\qt2\Tools\mingw492_32\bin;E:\Flutter\flutter\bin;C:\Users\HP\AppData\Local\Microsoft\WindowsApps;C:\Users\HP\AppData\Local\GitHubDesktop\bin;C:\Users\HP\AppData\Local\atom\bin;E:\Program files\Desktop\Foothill Solutions\ruby-2.7.1

Yarn version: 
  1.21.1

Node version: 
  12.10.0

Platform: 
  win32 x64

Trace: 
  SyntaxError: E:\Program files\Desktop\Foothill Solutions\TypeScript\nodejs\love\package.json: Unexpected token } in JSON at position 521
      at JSON.parse (<anonymous>)
      at C:\Program Files (x86)\Yarn\lib\cli.js:1625:59
      at Generator.next (<anonymous>)
      at step (C:\Program Files (x86)\Yarn\lib\cli.js:310:30)
      at C:\Program Files (x86)\Yarn\lib\cli.js:321:13

npm manifest: 
  {
    "name": "love",
    "version": "1.0.0",
    "description": "",
    "main": "",
    "scripts": {
      "prebuild": "tslint -c tslint.json -p tsconfig.json --fix",
      "build": "tsc",
      "prestart": "npm run build",
      "start": "nodemon dist/js/index.js",
      "test": "echo \"Error: no test specified\" && exit 1"
    },
    "author": "",
    "license": "ISC",
    "dependencies": {
      "@types/glob": "^7.1.3",
      "@types/mongodb": "^3.5.27",
      "@types/mysql": "^2.15.15",
      "body-parser": "^1.19.0",
      "express": "^4.17.1",
    },
    "devDependencies": {
      "@types/express": "^4.17.8",
      "@types/node": "^14.11.8",
      "tslint": "^6.1.3",
      "typescript": "^4.0.3"
    }
  }

yarn manifest: 
  No manifest

Lockfile: 
  No lockfile
